<?xml version="1.0" encoding="UTF-8"?>
<!-- Generated by org.testng.reporters.JUnitReportReporter -->
<testsuite hostname="QT-INNO-LT0619" failures="0" tests="8" name="com.makemytrip.P1" time="13.375" errors="0" timestamp="2022-04-14T16:30:42 IST" skipped="0">
  <testcase classname="com.makemytrip.P1" name="verify_airline" time="0.007"/>
  <system-out/>
  <testcase classname="com.makemytrip.P1" name="launchURL" time="9.824"/>
  <system-out/>
  <testcase classname="com.makemytrip.P1" name="Verify_FromCity_Airport" time="0.043"/>
  <system-out/>
  <testcase classname="com.makemytrip.P1" name="Verify_ToCity_Airport" time="0.037"/>
  <system-out/>
  <testcase classname="com.makemytrip.P1" name="Verify_ToCity" time="0.029"/>
  <system-out/>
  <testcase classname="com.makemytrip.P1" name="Verify_FromCity" time="3.364"/>
  <system-out/>
  <testcase classname="com.makemytrip.P1" name="Verify_Dep_Date" time="0.037"/>
  <system-out/>
  <testcase classname="com.makemytrip.P1" name="Verify_FareType" time="0.034"/>
  <system-out/>
</testsuite> <!-- com.makemytrip.P1 -->
